This is pdfTeX, Version 3.141592653-2.6-1.40.24 (MiKTeX 22.3) (preloaded format=pdflatex 2022.6.21)  23 JUN 2022 15:37
entering extended mode
 restricted \write18 enabled.
 file:line:error style messages enabled.
 %&-line parsing enabled.
**"c:/Users/Miche/Desktop/Moma/Relazione Progetto ASW/main.tex"
(c:/Users/Miche/Desktop/Moma/Relazione Progetto ASW/main.tex
LaTeX2e <2022-06-01> pre-release-0 (develop 2022-6-21 branch)
L3 programming layer <2022-06-02> (C:\Users\Miche\AppData\Local\Programs\MiKTeX\tex/latex/base\report.cls
Document Class: report 2021/10/04 v1.4n Standard LaTeX document class
(C:\Users\Miche\AppData\Local\Programs\MiKTeX\tex/latex/base\size10.clo
File: size10.clo 2021/10/04 v1.4n Standard LaTeX file (size option)
)
\c@part=\count185
\c@chapter=\count186
\c@section=\count187
\c@subsection=\count188
\c@subsubsection=\count189
\c@paragraph=\count190
\c@subparagraph=\count191
\c@figure=\count192
\c@table=\count193
\abovecaptionskip=\skip47
\belowcaptionskip=\skip48
\bibindent=\dimen138
) (C:\Users\Miche\AppData\Local\Programs\MiKTeX\tex/latex/base\inputenc.sty
Package: inputenc 2021/02/14 v1.3d Input encoding file
\inpenc@prehook=\toks16
\inpenc@posthook=\toks17
) (C:\Users\Miche\AppData\Local\Programs\MiKTeX\tex/latex/natbib\natbib.sty
Package: natbib 2010/09/13 8.31b (PWD, AO)
\bibhang=\skip49
\bibsep=\skip50
LaTeX Info: Redefining \cite on input line 694.
\c@NAT@ctr=\count194
) (C:\Users\Miche\AppData\Local\Programs\MiKTeX\tex/latex/graphics\graphicx.sty
Package: graphicx 2021/09/16 v1.2d Enhanced LaTeX Graphics (DPC,SPQR)
 (C:\Users\Miche\AppData\Local\Programs\MiKTeX\tex/latex/graphics\keyval.sty
Package: keyval 2022/05/29 v1.15 key=value parser (DPC)
\KV@toks@=\toks18
) (C:\Users\Miche\AppData\Local\Programs\MiKTeX\tex/latex/graphics\graphics.sty
Package: graphics 2022/03/10 v1.4e Standard LaTeX Graphics (DPC,SPQR)
 (C:\Users\Miche\AppData\Local\Programs\MiKTeX\tex/latex/graphics\trig.sty
Package: trig 2021/08/11 v1.11 sin cos tan (DPC)
) (C:\Users\Miche\AppData\Local\Programs\MiKTeX\tex/latex/graphics-cfg\graphics.cfg
File: graphics.cfg 2016/06/04 v1.11 sample graphics configuration
)
Package graphics Info: Driver file: pdftex.def on input line 107.
 (C:\Users\Miche\AppData\Local\Programs\MiKTeX\tex/latex/graphics-def\pdftex.def
File: pdftex.def 2020/10/05 v1.2a Graphics/color driver for pdftex
))
\Gin@req@height=\dimen139
\Gin@req@width=\dimen140
) (C:\Users\Miche\AppData\Local\Programs\MiKTeX\tex/latex/setspace\setspace.sty
Package: setspace 2011/12/19 v6.7a set line spacing
) (C:\Users\Miche\AppData\Local\Programs\MiKTeX\tex/latex/subfigure\subfigure.sty
Package: subfigure 2002/07/30 v2.1.4 subfigure package
\subfigtopskip=\skip51
\subfigcapskip=\skip52
\subfigcaptopadj=\dimen141
\subfigbottomskip=\skip53
\subfigcapmargin=\dimen142
\subfiglabelskip=\skip54
\c@subfigure=\count195
\c@lofdepth=\count196
\c@subtable=\count197
\c@lotdepth=\count198

****************************************
* Local config file subfigure.cfg used *
****************************************
(C:\Users\Miche\AppData\Local\Programs\MiKTeX\tex/latex/subfigure\subfigure.cfg)
\subfig@top=\skip55
\subfig@bottom=\skip56
) (C:\Users\Miche\AppData\Local\Programs\MiKTeX\tex/latex/float\float.sty
Package: float 2001/11/08 v1.3d Float enhancements (AL)
\c@float@type=\count199
\float@exts=\toks19
\float@box=\box51
\@float@everytoks=\toks20
\@floatcapt=\box52
) (C:\Users\Miche\AppData\Local\Programs\MiKTeX\tex/latex/listings\listings.sty
\lst@mode=\count266
\lst@gtempboxa=\box53
\lst@token=\toks21
\lst@length=\count267
\lst@currlwidth=\dimen143
\lst@column=\count268
\lst@pos=\count269
\lst@lostspace=\dimen144
\lst@width=\dimen145
\lst@newlines=\count270
\lst@lineno=\count271
\lst@maxwidth=\dimen146
 (C:\Users\Miche\AppData\Local\Programs\MiKTeX\tex/latex/listings\lstmisc.sty
File: lstmisc.sty 2020/03/24 1.8d (Carsten Heinz)
\c@lstnumber=\count272
\lst@skipnumbers=\count273
\lst@framebox=\box54
) (C:\Users\Miche\AppData\Local\Programs\MiKTeX\tex/latex/listings\listings.cfg
File: listings.cfg 2020/03/24 1.8d listings configuration
))
Package: listings 2020/03/24 1.8d (Carsten Heinz)
 (C:\Users\Miche\AppData\Local\Programs\MiKTeX\tex/latex/hyperref\hyperref.sty
Package: hyperref 2022-05-17 v7.00q Hypertext links for LaTeX
 (C:\Users\Miche\AppData\Local\Programs\MiKTeX\tex/generic/ltxcmds\ltxcmds.sty
Package: ltxcmds 2020-05-10 v1.25 LaTeX kernel commands for general use (HO)
) (C:\Users\Miche\AppData\Local\Programs\MiKTeX\tex/generic/iftex\iftex.sty
Package: iftex 2022/02/03 v1.0f TeX engine tests
) (C:\Users\Miche\AppData\Local\Programs\MiKTeX\tex/generic/pdftexcmds\pdftexcmds.sty
Package: pdftexcmds 2020-06-27 v0.33 Utility functions of pdfTeX for LuaTeX (HO)
 (C:\Users\Miche\AppData\Local\Programs\MiKTeX\tex/generic/infwarerr\infwarerr.sty
Package: infwarerr 2019/12/03 v1.5 Providing info/warning/error messages (HO)
)
Package pdftexcmds Info: \pdf@primitive is available.
Package pdftexcmds Info: \pdf@ifprimitive is available.
Package pdftexcmds Info: \pdfdraftmode found.
) (C:\Users\Miche\AppData\Local\Programs\MiKTeX\tex/generic/kvsetkeys\kvsetkeys.sty
Package: kvsetkeys 2019/12/15 v1.18 Key value parser (HO)
) (C:\Users\Miche\AppData\Local\Programs\MiKTeX\tex/generic/kvdefinekeys\kvdefinekeys.sty
Package: kvdefinekeys 2019-12-19 v1.6 Define keys (HO)
) (C:\Users\Miche\AppData\Local\Programs\MiKTeX\tex/generic/pdfescape\pdfescape.sty
Package: pdfescape 2019/12/09 v1.15 Implements pdfTeX's escape features (HO)
) (C:\Users\Miche\AppData\Local\Programs\MiKTeX\tex/latex/hycolor\hycolor.sty
Package: hycolor 2020-01-27 v1.10 Color options for hyperref/bookmark (HO)
) (C:\Users\Miche\AppData\Local\Programs\MiKTeX\tex/latex/letltxmacro\letltxmacro.sty
Package: letltxmacro 2019/12/03 v1.6 Let assignment for LaTeX macros (HO)
) (C:\Users\Miche\AppData\Local\Programs\MiKTeX\tex/latex/auxhook\auxhook.sty
Package: auxhook 2019-12-17 v1.6 Hooks for auxiliary files (HO)
) (C:\Users\Miche\AppData\Local\Programs\MiKTeX\tex/latex/hyperref\nameref.sty
Package: nameref 2022-05-17 v2.50 Cross-referencing by name of section
 (C:\Users\Miche\AppData\Local\Programs\MiKTeX\tex/latex/refcount\refcount.sty
Package: refcount 2019/12/15 v3.6 Data extraction from label references (HO)
) (C:\Users\Miche\AppData\Local\Programs\MiKTeX\tex/generic/gettitlestring\gettitlestring.sty
Package: gettitlestring 2019/12/15 v1.6 Cleanup title references (HO)
 (C:\Users\Miche\AppData\Local\Programs\MiKTeX\tex/latex/kvoptions\kvoptions.sty
Package: kvoptions 2020-10-07 v3.14 Key value format for package options (HO)
))
\c@section@level=\count274
)
\@linkdim=\dimen147
\Hy@linkcounter=\count275
\Hy@pagecounter=\count276
 (C:\Users\Miche\AppData\Local\Programs\MiKTeX\tex/latex/hyperref\pd1enc.def
File: pd1enc.def 2022-05-17 v7.00q Hyperref: PDFDocEncoding definition (HO)
Now handling font encoding PD1 ...
... no UTF-8 mapping file for font encoding PD1
) (C:\Users\Miche\AppData\Local\Programs\MiKTeX\tex/generic/intcalc\intcalc.sty
Package: intcalc 2019/12/15 v1.3 Expandable calculations with integers (HO)
) (C:\Users\Miche\AppData\Local\Programs\MiKTeX\tex/generic/etexcmds\etexcmds.sty
Package: etexcmds 2019/12/15 v1.7 Avoid name clashes with e-TeX commands (HO)
)
\Hy@SavedSpaceFactor=\count277
 (C:\Users\Miche\AppData\Local\Programs\MiKTeX\tex/latex/hyperref\puenc.def
File: puenc.def 2022-05-17 v7.00q Hyperref: PDF Unicode definition (HO)
Now handling font encoding PU ...
... no UTF-8 mapping file for font encoding PU
)
Package hyperref Info: Hyper figures OFF on input line 4139.
Package hyperref Info: Link nesting OFF on input line 4144.
Package hyperref Info: Hyper index ON on input line 4147.
Package hyperref Info: Plain pages OFF on input line 4154.
Package hyperref Info: Backreferencing OFF on input line 4159.
Package hyperref Info: Implicit mode ON; LaTeX internals redefined.
Package hyperref Info: Bookmarks ON on input line 4385.
\c@Hy@tempcnt=\count278
 (C:\Users\Miche\AppData\Local\Programs\MiKTeX\tex/latex/url\url.sty
\Urlmuskip=\muskip16
Package: url 2013/09/16  ver 3.4  Verb mode for urls, etc.
)
LaTeX Info: Redefining \url on input line 4723.
\XeTeXLinkMargin=\dimen148
 (C:\Users\Miche\AppData\Local\Programs\MiKTeX\tex/generic/bitset\bitset.sty
Package: bitset 2019/12/09 v1.3 Handle bit-vector datatype (HO)
 (C:\Users\Miche\AppData\Local\Programs\MiKTeX\tex/generic/bigintcalc\bigintcalc.sty
Package: bigintcalc 2019/12/15 v1.5 Expandable calculations on big integers (HO)
))
\Fld@menulength=\count279
\Field@Width=\dimen149
\Fld@charsize=\dimen150
Package hyperref Info: Hyper figures OFF on input line 6001.
Package hyperref Info: Link nesting OFF on input line 6006.
Package hyperref Info: Hyper index ON on input line 6009.
Package hyperref Info: backreferencing OFF on input line 6016.
Package hyperref Info: Link coloring OFF on input line 6021.
Package hyperref Info: Link coloring with OCG OFF on input line 6026.
Package hyperref Info: PDF/A mode OFF on input line 6031.
 (C:\Users\Miche\AppData\Local\Programs\MiKTeX\tex/latex/base\atbegshi-ltx.sty
Package: atbegshi-ltx 2021/01/10 v1.0c Emulation of the original atbegshi
package with kernel methods
)
\Hy@abspage=\count280
\c@Item=\count281
\c@Hfootnote=\count282
)
Package hyperref Info: Driver (autodetected): hpdftex.
 (C:\Users\Miche\AppData\Local\Programs\MiKTeX\tex/latex/hyperref\hpdftex.def
File: hpdftex.def 2022-05-17 v7.00q Hyperref driver for pdfTeX
 (C:\Users\Miche\AppData\Local\Programs\MiKTeX\tex/latex/base\atveryend-ltx.sty
Package: atveryend-ltx 2020/08/19 v1.0a Emulation of the original atveryend package
with kernel methods
)
\Fld@listcount=\count283
\c@bookmark@seq@number=\count284
 (C:\Users\Miche\AppData\Local\Programs\MiKTeX\tex/latex/rerunfilecheck\rerunfilecheck.sty
Package: rerunfilecheck 2019/12/05 v1.9 Rerun checks for auxiliary files (HO)
 (C:\Users\Miche\AppData\Local\Programs\MiKTeX\tex/generic/uniquecounter\uniquecounter.sty
Package: uniquecounter 2019/12/15 v1.4 Provide unlimited unique counter (HO)
)
Package uniquecounter Info: New unique counter `rerunfilecheck' on input line 286.
)
\Hy@SectionHShift=\skip57
) (C:\Users\Miche\AppData\Local\Programs\MiKTeX\tex/latex/l3backend\l3backend-pdftex.def
File: l3backend-pdftex.def 2022-04-20 L3 backend support: PDF output (pdfTeX)
\l__color_backend_stack_int=\count285
\l__pdf_internal_box=\box55
) (main.aux)
\openout1 = `main.aux'.

LaTeX Font Info:    Checking defaults for OML/cmm/m/it on input line 27.
LaTeX Font Info:    ... okay on input line 27.
LaTeX Font Info:    Checking defaults for OMS/cmsy/m/n on input line 27.
LaTeX Font Info:    ... okay on input line 27.
LaTeX Font Info:    Checking defaults for OT1/cmr/m/n on input line 27.
LaTeX Font Info:    ... okay on input line 27.
LaTeX Font Info:    Checking defaults for T1/cmr/m/n on input line 27.
LaTeX Font Info:    ... okay on input line 27.
LaTeX Font Info:    Checking defaults for TS1/cmr/m/n on input line 27.
LaTeX Font Info:    ... okay on input line 27.
LaTeX Font Info:    Checking defaults for OMX/cmex/m/n on input line 27.
LaTeX Font Info:    ... okay on input line 27.
LaTeX Font Info:    Checking defaults for U/cmr/m/n on input line 27.
LaTeX Font Info:    ... okay on input line 27.
LaTeX Font Info:    Checking defaults for PD1/pdf/m/n on input line 27.
LaTeX Font Info:    ... okay on input line 27.
LaTeX Font Info:    Checking defaults for PU/pdf/m/n on input line 27.
LaTeX Font Info:    ... okay on input line 27.
 (C:\Users\Miche\AppData\Local\Programs\MiKTeX\tex/context/base/mkii\supp-pdf.mkii
[Loading MPS to PDF converter (version 2006.09.02).]
\scratchcounter=\count286
\scratchdimen=\dimen151
\scratchbox=\box56
\nofMPsegments=\count287
\nofMParguments=\count288
\everyMPshowfont=\toks22
\MPscratchCnt=\count289
\MPscratchDim=\dimen152
\MPnumerator=\count290
\makeMPintoPDFobject=\count291
\everyMPtoPDFconversion=\toks23
) (C:\Users\Miche\AppData\Local\Programs\MiKTeX\tex/latex/epstopdf-pkg\epstopdf-base.sty
Package: epstopdf-base 2020-01-24 v2.11 Base part for package epstopdf
Package epstopdf-base Info: Redefining graphics rule for `.eps' on input line 485.
 (C:\Users\Miche\AppData\Local\Programs\MiKTeX\tex/latex/00miktex\epstopdf-sys.cfg
File: epstopdf-sys.cfg 2021/03/18 v2.0 Configuration of epstopdf for MiKTeX
))
\c@lstlisting=\count292
Package hyperref Info: Link coloring OFF on input line 27.
 (main.out) (main.out)
\@outlinefile=\write3
\openout3 = `main.out'.

LaTeX Font Info:    External font `cmex10' loaded for size
(Font)              <12> on input line 29.
LaTeX Font Info:    External font `cmex10' loaded for size
(Font)              <8> on input line 29.
LaTeX Font Info:    External font `cmex10' loaded for size
(Font)              <6> on input line 29.
LaTeX Font Info:    Trying to load font information for OMS+cmr on input line 29.
 (C:\Users\Miche\AppData\Local\Programs\MiKTeX\tex/latex/base\omscmr.fd
File: omscmr.fd 2019/12/16 v2.5j Standard LaTeX font definitions
)
LaTeX Font Info:    Font shape `OMS/cmr/m/n' in size <12> not available
(Font)              Font shape `OMS/cmsy/m/n' tried instead on input line 29.
 [1

{C:/Users/Miche/AppData/Local/MiKTeX/fonts/map/pdftex/pdftex.map}] (main.toc
LaTeX Font Info:    External font `cmex10' loaded for size
(Font)              <7> on input line 1.
LaTeX Font Info:    External font `cmex10' loaded for size
(Font)              <5> on input line 1.

pdfTeX warning (ext4): destination with the same identifier (name{page.1}) has been already used, duplicate ignored
<to be read again> 
                   \relax 
l.21 ...ransactions}{17}{subparagraph.0.3.3.3.3.1}
                                                  % [1

])
\tf@toc=\write4
\openout4 = `main.toc'.

 [2]
Underfull \hbox (badness 10000) in paragraph at lines 35--42

 []


Underfull \hbox (badness 10000) in paragraph at lines 35--42

 []

[3] [4] [5]
Underfull \hbox (badness 10000) in paragraph at lines 89--94

 []


Underfull \hbox (badness 10000) in paragraph at lines 89--94

 []


Underfull \hbox (badness 10000) in paragraph at lines 96--100

 []

[6]
<images/UML.png, id=249, 3055.415pt x 3309.36375pt>
File: images/UML.png Graphic file (type png)
<use images/UML.png>
Package pdftex.def Info: images/UML.png  used on input line 109.
(pdftex.def)             Requested size: 244.43819pt x 264.75452pt.
 [7 <./images/UML.png>]
<images/mockups/Login.png, id=261, 1140.26pt x 647.41875pt>
File: images/mockups/Login.png Graphic file (type png)
<use images/mockups/Login.png>
Package pdftex.def Info: images/mockups/Login.png  used on input line 123.
(pdftex.def)             Requested size: 342.08064pt x 194.22711pt.
<images/screens/Login.png, id=262, 1136.44576pt x 531.1845pt>
File: images/screens/Login.png Graphic file (type png)
<use images/screens/Login.png>
Package pdftex.def Info: images/screens/Login.png  used on input line 129.
(pdftex.def)             Requested size: 397.76198pt x 185.91734pt.

Overfull \hbox (52.76198pt too wide) in paragraph at lines 128--130
[][][] 
 []

[8]
<images/mockups/Sign Up.png, id=268, 1140.26pt x 647.41875pt>
File: images/mockups/Sign Up.png Graphic file (type png)
<use images/mockups/Sign Up.png>
Package pdftex.def Info: images/mockups/Sign Up.png  used on input line 143.
(pdftex.def)             Requested size: 342.08064pt x 194.22711pt.
<images/screens/Sign Up.png, id=269, 1136.44576pt x 528.17325pt>
File: images/screens/Sign Up.png Graphic file (type png)
<use images/screens/Sign Up.png>
Package pdftex.def Info: images/screens/Sign Up.png  used on input line 149.
(pdftex.def)             Requested size: 397.76198pt x 184.8634pt.

Overfull \hbox (52.76198pt too wide) in paragraph at lines 148--150
[][][] 
 []

[9 <./images/mockups/Login.png> <./images/screens/Login.png>]
Overfull \hbox (27.44508pt too wide) in paragraph at lines 155--156
\OT1/cmr/m/n/10 Succesivamente ad aver ef-fet-tuato l'accesso, l'utente potr^^Ra in-ter-a-gire con l'applicazione,
 []

[10 <./images/mockups/Sign Up.png> <./images/screens/Sign Up.png>]
Overfull \hbox (2.13956pt too wide) in paragraph at lines 157--158
[]\OT1/cmr/m/n/10 Una Tool-bar, con-tente un icona \menu a panino", il nome dell'applicazione,
 []

<images/mockups/Application.png, id=290, 1140.26pt x 647.41875pt>
File: images/mockups/Application.png Graphic file (type png)
<use images/mockups/Application.png>
Package pdftex.def Info: images/mockups/Application.png  used on input line 165.
(pdftex.def)             Requested size: 342.08064pt x 194.22711pt.
<images/screens/Application.png, id=291, 1140.05925pt x 534.19576pt>
File: images/screens/Application.png Graphic file (type png)
<use images/screens/Application.png>
Package pdftex.def Info: images/screens/Application.png  used on input line 171.
(pdftex.def)             Requested size: 399.02672pt x 186.97131pt.

Overfull \hbox (54.02672pt too wide) in paragraph at lines 170--172
[][][] 
 []

[11]
<images/mockups/Categories.png, id=299, 1140.26pt x 647.41875pt>
File: images/mockups/Categories.png Graphic file (type png)
<use images/mockups/Categories.png>
Package pdftex.def Info: images/mockups/Categories.png  used on input line 183.
(pdftex.def)             Requested size: 342.08064pt x 194.22711pt.
File: images/screens/Application.png Graphic file (type png)
<use images/screens/Application.png>
Package pdftex.def Info: images/screens/Application.png  used on input line 189.
(pdftex.def)             Requested size: 399.02672pt x 186.97131pt.

Overfull \hbox (54.02672pt too wide) in paragraph at lines 188--190
[][][] 
 []

[12 <./images/mockups/Application.png> <./images/screens/Application.png>]
<images/mockups/Add Category.png, id=311, 1140.26pt x 647.41875pt>
File: images/mockups/Add Category.png Graphic file (type png)
<use images/mockups/Add Category.png>
Package pdftex.def Info: images/mockups/Add Category.png  used on input line 200.
(pdftex.def)             Requested size: 342.08064pt x 194.22711pt.
<images/screens/Add Category.png, id=312, 946.13475pt x 483.0045pt>
File: images/screens/Add Category.png Graphic file (type png)
<use images/screens/Add Category.png>
Package pdftex.def Info: images/screens/Add Category.png  used on input line 206.
(pdftex.def)             Requested size: 331.15211pt x 169.0541pt.
 [13 <./images/mockups/Categories.png>]
<images/mockups/Edit Category.png, id=322, 1139.25626pt x 647.41875pt>
File: images/mockups/Edit Category.png Graphic file (type png)
<use images/mockups/Edit Category.png>
Package pdftex.def Info: images/mockups/Edit Category.png  used on input line 216.
(pdftex.def)             Requested size: 341.77951pt x 194.22711pt.
<images/screens/Edit Category.png, id=323, 946.737pt x 483.60675pt>
File: images/screens/Edit Category.png Graphic file (type png)
<use images/screens/Edit Category.png>
Package pdftex.def Info: images/screens/Edit Category.png  used on input line 222.
(pdftex.def)             Requested size: 331.36292pt x 169.2649pt.
 [14 <./images/mockups/Add Category.png> <./images/screens/Add Category.png>]
<images/mockups/Wallets.png, id=334, 1140.26pt x 647.41875pt>
File: images/mockups/Wallets.png Graphic file (type png)
<use images/mockups/Wallets.png>
Package pdftex.def Info: images/mockups/Wallets.png  used on input line 233.
(pdftex.def)             Requested size: 342.08064pt x 194.22711pt.
<images/screens/Wallets.png, id=335, 943.72575pt x 481.8pt>
File: images/screens/Wallets.png Graphic file (type png)
<use images/screens/Wallets.png>
Package pdftex.def Info: images/screens/Wallets.png  used on input line 239.
(pdftex.def)             Requested size: 330.30896pt x 168.63252pt.
 [15 <./images/mockups/Edit Category.png> <./images/screens/Edit Category.png>]
<images/mockups/Add Wallet.png, id=346, 1140.26pt x 647.41875pt>
File: images/mockups/Add Wallet.png Graphic file (type png)
<use images/mockups/Add Wallet.png>
Package pdftex.def Info: images/mockups/Add Wallet.png  used on input line 249.
(pdftex.def)             Requested size: 342.08064pt x 194.22711pt.
<images/screens/Add Wallet.png, id=347, 946.737pt x 486.01575pt>
File: images/screens/Add Wallet.png Graphic file (type png)
<use images/screens/Add Wallet.png>
Package pdftex.def Info: images/screens/Add Wallet.png  used on input line 255.
(pdftex.def)             Requested size: 331.36292pt x 170.10805pt.
 [16 <./images/mockups/Wallets.png> <./images/screens/Wallets.png>]
<images/mockups/Transactions.png, id=358, 1139.25626pt x 647.41875pt>
File: images/mockups/Transactions.png Graphic file (type png)
<use images/mockups/Transactions.png>
Package pdftex.def Info: images/mockups/Transactions.png  used on input line 266.
(pdftex.def)             Requested size: 341.77951pt x 194.22711pt.
<images/screens/Transactions.png, id=359, 946.737pt x 485.4135pt>
File: images/screens/Transactions.png Graphic file (type png)
<use images/screens/Transactions.png>
Package pdftex.def Info: images/screens/Transactions.png  used on input line 272.
(pdftex.def)             Requested size: 331.36292pt x 169.89726pt.

Overfull \hbox (3.25243pt too wide) in paragraph at lines 262--275
 \OT1/cmr/bx/n/10 0.3.3.3.3.1 Trans-ac-tions[][] \OT1/cmr/m/n/10 Scher-mata di vi-su-al-iz-zazione delle transazioni,
 []

[17 <./images/mockups/Add Wallet.png> <./images/screens/Add Wallet.png>]
<images/mockups/Add Transaction.png, id=370, 1140.26pt x 647.41875pt>
File: images/mockups/Add Transaction.png Graphic file (type png)
<use images/mockups/Add Transaction.png>
Package pdftex.def Info: images/mockups/Add Transaction.png  used on input line 282.
(pdftex.def)             Requested size: 342.08064pt x 194.22711pt.
<images/screens/Add Transaction.png, id=371, 946.13475pt x 486.01575pt>
File: images/screens/Add Transaction.png Graphic file (type png)
<use images/screens/Add Transaction.png>
Package pdftex.def Info: images/screens/Add Transaction.png  used on input line 288.
(pdftex.def)             Requested size: 331.15211pt x 170.10805pt.
 [18 <./images/mockups/Transactions.png> <./images/screens/Transactions.png>]
<images/mockups/Account Settings.png, id=383, 1140.26pt x 647.41875pt>
File: images/mockups/Account Settings.png Graphic file (type png)
<use images/mockups/Account Settings.png>
Package pdftex.def Info: images/mockups/Account Settings.png  used on input line 298.
(pdftex.def)             Requested size: 342.08064pt x 194.22711pt.
<images/screens/Account Settings.png, id=384, 985.88326pt x 496.85625pt>
File: images/screens/Account Settings.png Graphic file (type png)
<use images/screens/Account Settings.png>
Package pdftex.def Info: images/screens/Account Settings.png  used on input line 304.
(pdftex.def)             Requested size: 345.0643pt x 173.90228pt.
 [19 <./images/mockups/Add Transaction.png> <./images/screens/Add Transaction.png>] [20 <./images/mockups/Account Settings.png> <./images/screens/Account Settings.png>]
Underfull \hbox (badness 10000) in paragraph at lines 322--325

 []

[21]
Overfull \hbox (59.19522pt too wide) in paragraph at lines 326--327
[]\OT1/cmr/m/n/10 Il file javascript \main.js", en-try point dell'applicazione e re-spos-abile dell'instanziamento
 []


Underfull \hbox (badness 10000) in paragraph at lines 335--338

 []


Underfull \hbox (badness 10000) in paragraph at lines 340--343

 []

[22]
Underfull \hbox (badness 10000) in paragraph at lines 353--356

 []

[23] [24]
Underfull \hbox (badness 10000) in paragraph at lines 378--383

 []


Underfull \hbox (badness 10000) in paragraph at lines 378--383

 []

[25]
Overfull \hbox (3.50061pt too wide) in paragraph at lines 388--393
\OT1/cmr/m/n/10 Vue.js ^^Re un frame-work in con-fig-u-razione MVVM, ovvero Model-View-ViewModel,
 []


Overfull \hbox (18.61186pt too wide) in paragraph at lines 394--395
[]\OT1/cmr/m/n/10 Model (o mod-ello): im-ple-men-tazione del mod-ello del do-minio dell'applicazione; 
 []

[26]
Underfull \hbox (badness 10000) in paragraph at lines 399--404

 []


Underfull \hbox (badness 10000) in paragraph at lines 399--404

 []


Overfull \hbox (26.66731pt too wide) in paragraph at lines 406--411
\OT1/cmr/m/n/10 Node possiede un'architettura ori-en-tata agli eventi, che rende pos-si-bile l'ottimizzazione
 []

[27]
Underfull \hbox (badness 10000) in paragraph at lines 413--416

 []


Underfull \hbox (badness 10000) in paragraph at lines 418--422

 []

[28]
LaTeX Font Info:    Font shape `OMS/cmr/m/n' in size <10> not available
(Font)              Font shape `OMS/cmsy/m/n' tried instead on input line 431.

Overfull \hbox (153.00507pt too wide) in paragraph at lines 436--437
[][][][][][][][][][][][][][][][][][][][][][][][][][][][][][][][][][][][][][] 
 []


Overfull \hbox (39.0039pt too wide) in paragraph at lines 452--453
[][][][][][][][][][][][][][][][][][][] 
 []

[29]
Overfull \hbox (9.0036pt too wide) in paragraph at lines 464--465
[][][][][][][][][][][][][][][] 
 []


Overfull \hbox (117.0047pt too wide) in paragraph at lines 465--466
[][][][][][][][][][][][][][][][][][][][][][][] 
 []


Overfull \hbox (15.00366pt too wide) in paragraph at lines 467--468
[][][][][][][][][][][][][][][][][][][] 
 []


Underfull \hbox (badness 10000) in paragraph at lines 472--481

 []

[30] [31]
Underfull \hbox (badness 10000) in paragraph at lines 484--489

 []


Overfull \hbox (15.8618pt too wide) in paragraph at lines 484--489
\OT1/cmr/m/n/10 desk-top \Post-man", che per-me-tte di sim-u-lare chia-mate http, for-nendo un'interfaccia
 []


Underfull \hbox (badness 10000) in paragraph at lines 484--489

 []


Overfull \hbox (17.55618pt too wide) in paragraph at lines 491--492
[]\OT1/cmr/m/n/10 Corrispondenza tra sis-tema e mondo reale: le ter-mi-nolo-gie uti-liz-zate all'interno
 []


Overfull \hbox (1.0562pt too wide) in paragraph at lines 492--493
\OT1/cmr/m/n/10 scher-mata all'altra, aiu-tato an-che dalla tool-bar, sem-pre pre-sente all'interno
 []

[32]
Overfull \hbox (15.80621pt too wide) in paragraph at lines 499--500
[]\OT1/cmr/m/n/10 Documentazione: data la sem-plicit^^Ra e la lim-i-tatezza delle azioni in-traprendibili
 []

[33] [34]
Underfull \hbox (badness 10000) in paragraph at lines 515--518

 []

(main.bbl [35]

Package natbib Warning: Empty `thebibliography' environment on input line 3.

) [36

] (main.aux)
Package rerunfilecheck Info: File `main.out' has not changed.
(rerunfilecheck)             Checksum: 41489066E104B5D2274FBBF510D89F27;5719.
 ) 
Here is how much of TeX's memory you used:
 10810 strings out of 478354
 170850 string characters out of 2837118
 480570 words of memory out of 3000000
 28902 multiletter control sequences out of 15000+600000
 474455 words of font info for 45 fonts, out of 8000000 for 9000
 1141 hyphenation exceptions out of 8191
 72i,8n,77p,653b,1846s stack positions out of 10000i,1000n,20000p,200000b,80000s
 <C:\Users\Miche\AppData\Local\MiKTeX\fonts/pk/ljfour/jknappen/ec/dpi600\tcrm1000.pk><C:/Users/Miche/AppData/Local/Programs/MiKTeX/fonts/type1/public/amsfonts/cm/cmbx10.pfb><C:/Users/Miche/AppData/Local/Programs/MiKTeX/fonts/type1/public/amsfonts/cm/cmbx12.pfb><C:/Users/Miche/AppData/Local/Programs/MiKTeX/fonts/type1/public/amsfonts/cm/cmr10.pfb><C:/Users/Miche/AppData/Local/Programs/MiKTeX/fonts/type1/public/amsfonts/cm/cmr12.pfb><C:/Users/Miche/AppData/Local/Programs/MiKTeX/fonts/type1/public/amsfonts/cm/cmr17.pfb><C:/Users/Miche/AppData/Local/Programs/MiKTeX/fonts/type1/public/amsfonts/cm/cmsy10.pfb>
Output written on main.pdf (37 pages, 1321673 bytes).
PDF statistics:
 607 PDF objects out of 1000 (max. 8388607)
 191 named destinations out of 1000 (max. 500000)
 447 words of extra memory for PDF output out of 10000 (max. 10000000)

