\BOOKMARK [1][-]{section.0.1}{\376\377\000I\000n\000t\000r\000o\000d\000u\000z\000i\000o\000n\000e}{}% 1
\BOOKMARK [1][-]{section.0.2}{\376\377\000R\000e\000q\000u\000i\000s\000i\000t\000i}{}% 2
\BOOKMARK [2][-]{subsection.0.2.1}{\376\377\000R\000e\000q\000u\000i\000s\000i\000t\000i\000\040\000F\000u\000n\000z\000i\000o\000n\000a\000l\000i}{section.0.2}% 3
\BOOKMARK [2][-]{subsection.0.2.2}{\376\377\000R\000e\000q\000u\000i\000s\000i\000t\000i\000\040\000N\000o\000n\000\040\000F\000u\000n\000z\000i\000o\000n\000a\000l\000i}{section.0.2}% 4
\BOOKMARK [2][-]{subsection.0.2.3}{\376\377\000R\000e\000q\000u\000i\000s\000i\000t\000i\000\040\000D\000i\000\040\000I\000m\000p\000l\000e\000m\000e\000n\000t\000a\000z\000i\000o\000n\000e}{section.0.2}% 5
\BOOKMARK [1][-]{section.0.3}{\376\377\000D\000e\000s\000i\000g\000n\000\040\000e\000\040\000A\000r\000c\000h\000i\000t\000e\000t\000t\000u\000r\000a}{}% 6
\BOOKMARK [2][-]{subsection.0.3.1}{\376\377\000D\000e\000s\000i\000g\000n}{section.0.3}% 7
\BOOKMARK [2][-]{subsection.0.3.2}{\376\377\000A\000r\000c\000h\000i\000t\000e\000t\000t\000u\000r\000a\000\040\000S\000i\000s\000t\000e\000m\000a}{section.0.3}% 8
\BOOKMARK [2][-]{subsection.0.3.3}{\376\377\000A\000r\000c\000h\000i\000t\000e\000t\000t\000u\000r\000a\000\040\000I\000n\000t\000e\000r\000f\000a\000c\000c\000e\000\040\000U\000t\000e\000n\000t\000e\000\040\040\023\000\040\000M\000o\000c\000k\000u\000p\000\040\000e\000\040\000S\000t\000o\000r\000y\000B\000o\000a\000r\000d}{section.0.3}% 9
\BOOKMARK [3][-]{subsubsection.0.3.3.1}{\376\377\000L\000o\000g\000i\000n}{subsection.0.3.3}% 10
\BOOKMARK [3][-]{subsubsection.0.3.3.2}{\376\377\000S\000i\000g\000n\000\040\000U\000p}{subsection.0.3.3}% 11
\BOOKMARK [3][-]{subsubsection.0.3.3.3}{\376\377\000A\000p\000p\000l\000i\000c\000a\000t\000i\000o\000n\000\040\000L\000a\000y\000o\000u\000t}{subsection.0.3.3}% 12
\BOOKMARK [4][-]{paragraph.0.3.3.3.1}{\376\377\000C\000a\000t\000e\000g\000o\000r\000i\000e}{subsubsection.0.3.3.3}% 13
\BOOKMARK [5][-]{subparagraph.0.3.3.3.1.1}{\376\377\000C\000a\000t\000e\000g\000o\000r\000i\000e\000s}{paragraph.0.3.3.3.1}% 14
\BOOKMARK [5][-]{subparagraph.0.3.3.3.1.2}{\376\377\000A\000d\000d\000\040\000C\000a\000t\000e\000g\000o\000r\000y}{paragraph.0.3.3.3.1}% 15
\BOOKMARK [5][-]{subparagraph.0.3.3.3.1.3}{\376\377\000E\000d\000i\000t\000\040\000C\000a\000t\000e\000g\000o\000r\000y}{paragraph.0.3.3.3.1}% 16
\BOOKMARK [4][-]{paragraph.0.3.3.3.2}{\376\377\000P\000o\000r\000t\000a\000f\000o\000g\000l\000i}{subsubsection.0.3.3.3}% 17
\BOOKMARK [5][-]{subparagraph.0.3.3.3.2.1}{\376\377\000W\000a\000l\000l\000e\000t\000s}{paragraph.0.3.3.3.2}% 18
\BOOKMARK [5][-]{subparagraph.0.3.3.3.2.2}{\376\377\000A\000d\000d\000\040\000W\000a\000l\000l\000e\000t}{paragraph.0.3.3.3.2}% 19
\BOOKMARK [4][-]{paragraph.0.3.3.3.3}{\376\377\000T\000r\000a\000n\000s\000a\000z\000i\000o\000n\000i}{subsubsection.0.3.3.3}% 20
\BOOKMARK [5][-]{subparagraph.0.3.3.3.3.1}{\376\377\000T\000r\000a\000n\000s\000a\000c\000t\000i\000o\000n\000s}{paragraph.0.3.3.3.3}% 21
\BOOKMARK [5][-]{subparagraph.0.3.3.3.3.2}{\376\377\000A\000d\000d\000\040\000T\000r\000a\000n\000s\000a\000c\000t\000i\000o\000n}{paragraph.0.3.3.3.3}% 22
\BOOKMARK [4][-]{paragraph.0.3.3.3.4}{\376\377\000A\000c\000c\000o\000u\000n\000t}{subsubsection.0.3.3.3}% 23
\BOOKMARK [2][-]{subsection.0.3.4}{\376\377\000D\000e\000s\000i\000g\000n\000\040\000d\000i\000\040\000d\000e\000t\000t\000a\000g\000l\000i\000o}{section.0.3}% 24
\BOOKMARK [3][-]{subsubsection.0.3.4.1}{\376\377\000B\000a\000c\000k\000e\000n\000d}{subsection.0.3.4}% 25
\BOOKMARK [3][-]{subsubsection.0.3.4.2}{\376\377\000F\000r\000o\000n\000t\000e\000n\000d}{subsection.0.3.4}% 26
\BOOKMARK [2][-]{subsection.0.3.5}{\376\377\000T\000a\000r\000t\000g\000e\000t\000\040\000U\000s\000e\000r\000\040\000A\000n\000a\000l\000y\000s\000i\000s}{section.0.3}% 27
\BOOKMARK [3][-]{subsubsection.0.3.5.1}{\376\377\000P\000e\000r\000s\000o\000n\000a\000s\000:\000\040\000G\000i\000a\000c\000o\000m\000o}{subsection.0.3.5}% 28
\BOOKMARK [3][-]{subsubsection.0.3.5.2}{\376\377\000P\000e\000r\000s\000o\000n\000a\000s\000:\000\040\000F\000r\000a\000n\000c\000e\000s\000c\000a}{subsection.0.3.5}% 29
\BOOKMARK [1][-]{section.0.4}{\376\377\000T\000e\000c\000n\000o\000l\000o\000g\000i\000e}{}% 30
\BOOKMARK [2][-]{subsection.0.4.1}{\376\377\000M\000o\000n\000g\000o\000D\000B\000\040\000e\000\040\000M\000o\000n\000g\000o\000o\000s\000e}{section.0.4}% 31
\BOOKMARK [2][-]{subsection.0.4.2}{\376\377\000E\000x\000p\000r\000e\000s\000s}{section.0.4}% 32
\BOOKMARK [2][-]{subsection.0.4.3}{\376\377\000V\000u\000e\000.\000j\000s\000,\000\040\000V\000u\000e\000\040\000R\000o\000u\000t\000e\000r\000\040\000e\000\040\000V\000u\000e\000t\000i\000f\000y}{section.0.4}% 33
\BOOKMARK [2][-]{subsection.0.4.4}{\376\377\000N\000o\000d\000e\000.\000j\000s}{section.0.4}% 34
\BOOKMARK [2][-]{subsection.0.4.5}{\376\377\000S\000o\000c\000k\000e\000t\000.\000I\000O}{section.0.4}% 35
\BOOKMARK [2][-]{subsection.0.4.6}{\376\377\000S\000o\000c\000k\000e\000t\000.\000I\000O}{section.0.4}% 36
\BOOKMARK [1][-]{section.0.5}{\376\377\000C\000o\000d\000i\000c\000e\000\040\000-\000\040\000A\000s\000p\000e\000t\000t\000i\000\040\000S\000a\000l\000i\000e\000n\000t\000i}{}% 37
\BOOKMARK [2][-]{subsection.0.5.1}{\376\377\000B\000a\000c\000k\000e\000n\000d}{section.0.5}% 38
\BOOKMARK [2][-]{subsection.0.5.2}{\376\377\000F\000r\000o\000n\000t\000e\000n\000d}{section.0.5}% 39
\BOOKMARK [1][-]{section.0.6}{\376\377\000T\000e\000s\000t}{}% 40
\BOOKMARK [1][-]{section.0.7}{\376\377\000D\000e\000p\000l\000o\000y\000m\000e\000n\000t}{}% 41
\BOOKMARK [1][-]{section.0.8}{\376\377\000C\000o\000n\000c\000l\000u\000s\000i\000o\000n\000i}{}% 42
